<?xml version="1.0" encoding="UTF-8"?>
<!-- Generated by org.testng.reporters.JUnitXMLReporter -->
<testsuite ignored="0" hostname="DESKTOP-BH3MCQC" failures="2" tests="2" name="Test" time="165.933" errors="0" timestamp="2024-10-17T20:39:48 IST">
  <testcase classname="TestCases.LoginTest" name="verify_Login" time="33.27">
    <failure type="java.lang.AssertionError" message="expected [true] but found [false]">
      <![CDATA[java.lang.AssertionError: expected [true] but found [false]
at TestCases.LoginTest.verify_Login(LoginTest.java:37)
at java.base/java.util.ArrayList.forEach(ArrayList.java:1597)
... Removed 32 stack frames]]>
    </failure>
  </testcase> <!-- verify_Login -->
  <testcase classname="TestCases.AccountRegistrationTest" name="verify_Account_registration" time="26.222">
    <failure type="java.lang.AssertionError" message="expected [Your Account Has Been Created!] but found [Register Account]">
      <![CDATA[java.lang.AssertionError: expected [Your Account Has Been Created!] but found [Register Account]
at TestCases.AccountRegistrationTest.verify_Account_registration(AccountRegistrationTest.java:52)
at java.base/java.util.ArrayList.forEach(ArrayList.java:1597)
... Removed 31 stack frames]]>
    </failure>
  </testcase> <!-- verify_Account_registration -->
</testsuite> <!-- Test -->
